<?xml version="1.0" encoding="UTF-8"?>
<!-- Generated by org.testng.reporters.JUnitXMLReporter -->
<testsuite ignored="2" hostname="Yasmeen" failures="1" tests="1" name="TestingTestCase" time="0.072" errors="0" timestamp="2026-06-04T16:34:33 IST">
  <testcase classname="TestAutomation.TestNGpractice.practice" name="NaukriLogin" time="0.015">
    <failure type="java.lang.NullPointerException" message="Cannot invoke &amp;quot;org.openqa.selenium.WebDriver.get(String)&amp;quot; because &amp;quot;this.driver&amp;quot; is null">
      <![CDATA[java.lang.NullPointerException: Cannot invoke "org.openqa.selenium.WebDriver.get(String)" because "this.driver" is null
at TestAutomation.TestNGpractice.practice.NaukriLogin(practice.java:30)
at java.base/java.util.ArrayList.forEach(ArrayList.java:1596)
... Removed 25 stack frames]]>
    </failure>
  </testcase> <!-- NaukriLogin -->
  <testcase classname="TestAutomation.TestNGpractice.practice" name="NumberUpdate" time="0.0">
    <ignored/>
  </testcase> <!-- NumberUpdate -->
  <testcase classname="TestAutomation.TestNGpractice.practice" name="ProfileValidate" time="0.0">
    <ignored/>
  </testcase> <!-- ProfileValidate -->
</testsuite> <!-- TestingTestCase -->
