<?xml version="1.0" encoding="UTF-8"?>
<!-- Generated by org.testng.reporters.JUnitXMLReporter -->
<testsuite ignored="1" hostname="Yasmeen" failures="0" tests="1" name="Default test" time="16.943" errors="0" timestamp="2026-06-07T11:38:32 IST">
  <testcase classname="TestAutomation.TestNGpractice.NaukriTest" name="login" time="15.054"/>
  <testcase classname="TestAutomation.TestNGpractice.NaukriTest" name="NumberUpdate" time="0.0">
    <ignored/>
  </testcase> <!-- NumberUpdate -->
</testsuite> <!-- Default test -->
