<?xml version="1.0" encoding="UTF-8"?>
<!-- Generated by org.testng.reporters.JUnitXMLReporter -->
<testsuite ignored="1" hostname="Yasmeen" failures="0" tests="1" name="Default test" time="15.09" errors="0" timestamp="2026-06-12T21:18:24 IST">
  <testcase classname="TestAutomation.TestNGpractice.NaukriTest" name="NumberUpdate" time="11.641"/>
  <testcase classname="TestAutomation.TestNGpractice.NaukriTest" name="login" time="0.0">
    <ignored/>
  </testcase> <!-- login -->
</testsuite> <!-- Default test -->
