<?xml version="1.0" encoding="UTF-8"?>
<testng-results ignored="1" total="2" passed="1" failed="0" skipped="0">
  <reporter-output>
  </reporter-output>
  <suite started-at="2026-06-07T11:38:15 IST" name="Default suite" finished-at="2026-06-07T11:38:32 IST" duration-ms="16943">
    <groups>
    </groups>
    <test started-at="2026-06-07T11:38:15 IST" name="Default test" finished-at="2026-06-07T11:38:32 IST" duration-ms="16943">
      <class name="TestAutomation.TestNGpractice.NaukriTest">
        <test-method is-config="true" signature="initializeDriver()[pri:0, instance:TestAutomation.TestNGpractice.NaukriTest@15c43bd9]" started-at="2026-06-07T11:38:15 IST" name="initializeDriver" finished-at="2026-06-07T11:38:16 IST" duration-ms="1491" status="PASS">
          <reporter-output>
          </reporter-output>
        </test-method> <!-- initializeDriver -->
        <test-method signature="login()[pri:0, instance:TestAutomation.TestNGpractice.NaukriTest@15c43bd9]" started-at="2026-06-07T11:38:16 IST" name="login" finished-at="2026-06-07T11:38:31 IST" duration-ms="15054" status="PASS">
          <reporter-output>
          </reporter-output>
        </test-method> <!-- login -->
        <test-method is-config="true" signature="tearDown()[pri:0, instance:TestAutomation.TestNGpractice.NaukriTest@15c43bd9]" started-at="2026-06-07T11:38:31 IST" name="tearDown" finished-at="2026-06-07T11:38:32 IST" duration-ms="345" status="PASS">
          <reporter-output>
          </reporter-output>
        </test-method> <!-- tearDown -->
      </class> <!-- TestAutomation.TestNGpractice.NaukriTest -->
    </test> <!-- Default test -->
  </suite> <!-- Default suite -->
</testng-results>
