<?xml version="1.0" encoding="UTF-8"?>
<!-- Generated by org.testng.reporters.JUnitReportReporter -->
<testsuite hostname="Yasmeen" failures="0" tests="2" name="TestAutomation.TestNGpractice.practice" time="26.844" errors="0" timestamp="2026-06-05T13:08:36 IST" skipped="0">
  <testcase classname="TestAutomation.TestNGpractice.practice" name="NumberUpdate" time="14.554"/>
  <testcase classname="TestAutomation.TestNGpractice.practice" name="ProfileValidate" time="12.290"/>
</testsuite> <!-- TestAutomation.TestNGpractice.practice -->
