<?xml version="1.0" encoding="UTF-8"?>
<!-- Generated by org.testng.reporters.JUnitReportReporter -->
<testsuite hostname="Yasmeen" failures="0" tests="2" name="TestAutomation.TestNGpractice.NaukriTest" time="16.890" errors="0" timestamp="2026-06-07T11:38:32 IST" skipped="1">
  <testcase classname="TestAutomation.TestNGpractice.NaukriTest" name="login" time="16.890"/>
  <testcase classname="TestAutomation.TestNGpractice.NaukriTest" name="NumberUpdate">
    <skipped/>
  </testcase> <!-- NumberUpdate -->
</testsuite> <!-- TestAutomation.TestNGpractice.NaukriTest -->
