<?xml version="1.0" encoding="UTF-8"?>
<!-- Generated by org.testng.reporters.JUnitReportReporter -->
<testsuite hostname="Yasmeen" failures="0" tests="2" name="TestAutomation.TestNGpractice.NaukriTest" time="14.206" errors="0" timestamp="2026-06-12T21:18:24 IST" skipped="1">
  <testcase classname="TestAutomation.TestNGpractice.NaukriTest" name="NumberUpdate" time="14.206"/>
  <testcase classname="TestAutomation.TestNGpractice.NaukriTest" name="login">
    <skipped/>
  </testcase> <!-- login -->
</testsuite> <!-- TestAutomation.TestNGpractice.NaukriTest -->
