<?xml version="1.0" encoding="UTF-8"?>
<!-- Generated by org.testng.reporters.JUnitReportReporter -->
<testsuite hostname="Yasmeen" failures="0" tests="2" name="TestAutomation.TestNGpractice.practiceDemo" time="0.003" errors="0" timestamp="2026-06-04T16:36:14 IST" skipped="0">
  <testcase classname="TestAutomation.TestNGpractice.practiceDemo" name="secondMethod" time="0.002"/>
  <testcase classname="TestAutomation.TestNGpractice.practiceDemo" name="firstMethod" time="0.001"/>
</testsuite> <!-- TestAutomation.TestNGpractice.practiceDemo -->
